Continuing..
Response 
Continuing..
Response 
Continuing..
Response 
Continuing..
Response 
Continuing..
Response 
Continuing..
Response 
Continuing..
Response 
Continuing..
Response 
Continuing..
Response 
Continuing..
Response 
Continuing..
Response 
Continuing..
Response 
Continuing..
Response 
Continuing..
Response 
Continuing..
Response 
Continuing..
Response 
Continuing..
Response 
Continuing..
Response 
Continuing..
Response 
Response <response status = 'error' code = '403'><result><msg>Invalid credentials.</msg></result></response>
Response <response status = 'error' code = '403'><result><msg>Invalid credentials.</msg></result></response>
Response <response status = 'error' code = '403'><result><msg>Invalid credentials.</msg></result></response>
Response <response status = 'error' code = '403'><result><msg>Invalid credentials.</msg></result></response>
Response <response status = 'error' code = '403'><result><msg>Invalid credentials.</msg></result></response>
Response <response status = 'error' code = '403'><result><msg>Invalid credentials.</msg></result></response>
Response <response status = 'error' code = '403'><result><msg>Invalid credentials.</msg></result></response>
Response <response status = 'error' code = '403'><result><msg>Invalid credentials.</msg></result></response>
Response <response status = 'error' code = '403'><result><msg>Invalid credentials.</msg></result></response>
Response <response status = 'error' code = '403'><result><msg>Invalid credentials.</msg></result></response>
Response <response status = 'error' code = '403'><result><msg>Invalid credentials.</msg></result></response>
Response <response status = 'error' code = '403'><result><msg>Invalid credentials.</msg></result></response>
Response <response status = 'error' code = '403'><result><msg>Invalid credentials.</msg></result></response>
Response <response status = 'error' code = '403'><result><msg>Invalid credentials.</msg></result></response>
Continuing..
Response 
Continuing..
Response 
Continuing..
Response 
Continuing..
Response 
Continuing..
Response 
Continuing..
Response 
Continuing..
Response 
Continuing..
Response 
Continuing..
Response 
Continuing..
Response 
Continuing..
Response 
Continuing..
Response 
Continuing..
Response 
Continuing..
Response 
Continuing..
Response 
Continuing..
Response 
Response <html>
<head><title>502 Bad Gateway</title></head>
<body bgcolor="white">
<center><h1>502 Bad Gateway</h1></center>
<hr><center></center>
</body>
</html>
Response <response status = 'error' code = '403'><result><msg>Invalid credentials.</msg></result></response>
Response <response status = 'error' code = '403'><result><msg>Invalid credentials.</msg></result></response>
Response <response status = 'error' code = '403'><result><msg>Invalid credentials.</msg></result></response>
Response <response status = 'error' code = '403'><result><msg>Invalid credentials.</msg></result></response>
Response <response status = 'error' code = '403'><result><msg>Invalid credentials.</msg></result></response>
Response <response status = 'error' code = '403'><result><msg>Invalid credentials.</msg></result></response>
Response <response status = 'error' code = '403'><result><msg>Invalid credentials.</msg></result></response>
Response <response status = 'error' code = '403'><result><msg>Invalid credentials.</msg></result></response>
Response <response status = 'error' code = '403'><result><msg>Invalid credentials.</msg></result></response>
Response <response status = 'error' code = '403'><result><msg>Invalid credentials.</msg></result></response>
Response <response status = 'error' code = '403'><result><msg>Invalid credentials.</msg></result></response>
Response <response status = 'error' code = '403'><result><msg>Invalid credentials.</msg></result></response>
Response <response status = 'error' code = '403'><result><msg>Invalid credentials.</msg></result></response>
Response <response status = 'error' code = '403'><result><msg>Invalid credentials.</msg></result></response>
Continuing..
Response 
Continuing..
Response 
Continuing..
Response 
Continuing..
Response 
Continuing..
Response 
Continuing..
Response 
Continuing..
Response 
Continuing..
Response 
Continuing..
Response 
Continuing..
Response 
Continuing..
Response 
Continuing..
Response 
Continuing..
Response 
Continuing..
Response 
Continuing..
Response 
Continuing..
Response 
Continuing..
Response 
Continuing..
Response 
Continuing..
Response 
Continuing..
Response 
Response <response status = 'error' code = '403'><result><msg>Invalid credentials.</msg></result></response>
Continuing..
Response 
Continuing..
Response 
Continuing..
Response 
Continuing..
Response 
Continuing..
Response 
Continuing..
Response 
Continuing..
Response 
Continuing..
Response 
Continuing..
Response 
Continuing..
Response 
Continuing..
Response 
Continuing..
Response 
Continuing..
Response 
Continuing..
Response 
Continuing..
Response 
Continuing..
Response 
Continuing..
Response 
Continuing..
Response 
Response <response status = 'error' code = '403'><result><msg>Invalid credentials.</msg></result></response>
